{"/Users/charleslennon/Projects/dev estudo/meli-app/meli-react-app/src/components/search-form/SearchForm.tsx": {"path":"/Users/charleslennon/Projects/dev estudo/meli-app/meli-react-app/src/components/search-form/SearchForm.tsx","statementMap":{"0":{"start":{"line":1,"column":0},"end":{"line":1,"column":44}},"1":{"start":{"line":2,"column":0},"end":{"line":2,"column":59}},"2":{"start":{"line":3,"column":0},"end":{"line":3,"column":64}},"3":{"start":{"line":4,"column":0},"end":{"line":4,"column":27}},"4":{"start":{"line":12,"column":32},"end":{"line":12,"column":47}},"5":{"start":{"line":14,"column":28},"end":{"line":16,"column":3}},"6":{"start":{"line":15,"column":4},"end":{"line":15,"column":31}},"7":{"start":{"line":18,"column":23},"end":{"line":22,"column":3}},"8":{"start":{"line":19,"column":4},"end":{"line":19,"column":27}},"9":{"start":{"line":21,"column":4},"end":{"line":21,"column":22}},"10":{"start":{"line":24,"column":2},"end":{"line":43,"column":4}},"11":{"start":{"line":11,"column":0},"end":{"line":11,"column":24}}},"fnMap":{"0":{"name":"SearchForm","decl":{"start":{"line":11,"column":24},"end":{"line":11,"column":34}},"loc":{"start":{"line":11,"column":71},"end":{"line":44,"column":1}}},"1":{"name":"(anonymous_1)","decl":{"start":{"line":14,"column":28},"end":{"line":14,"column":29}},"loc":{"start":{"line":14,"column":71},"end":{"line":16,"column":3}}},"2":{"name":"(anonymous_2)","decl":{"start":{"line":18,"column":23},"end":{"line":18,"column":24}},"loc":{"start":{"line":18,"column":44},"end":{"line":22,"column":3}}}},"branchMap":{},"s":{"0":1,"1":1,"2":1,"3":1,"4":5,"5":5,"6":2,"7":5,"8":1,"9":1,"10":5,"11":1},"f":{"0":5,"1":2,"2":1},"b":{}}
}
